<?xml version="1.0" encoding="UTF-8"?>
<testng-results ignored="0" total="1" passed="1" failed="0" skipped="0">
  <reporter-output>
  </reporter-output>
  <suite started-at="2021-07-12T20:04:44 IST" name="Default suite" finished-at="2021-07-12T20:04:45 IST" duration-ms="364">
    <groups>
      <group name="cucumber">
        <method signature="AbstractTestNGCucumberTests.runScenario(io.cucumber.testng.PickleWrapper, io.cucumber.testng.FeatureWrapper)[pri:0, instance:runner.CucumberRunner@65f095f8]" name="runScenario" class="io.cucumber.testng.AbstractTestNGCucumberTests"/>
      </group> <!-- cucumber -->
    </groups>
    <test started-at="2021-07-12T20:04:44 IST" name="Default test" finished-at="2021-07-12T20:04:45 IST" duration-ms="364">
      <class name="runner.CucumberRunner">
        <test-method is-config="true" signature="setUpClass()[pri:0, instance:runner.CucumberRunner@65f095f8]" started-at="2021-07-12T20:04:44 IST" name="setUpClass" finished-at="2021-07-12T20:04:45 IST" duration-ms="226" status="PASS">
          <reporter-output>
          </reporter-output>
        </test-method> <!-- setUpClass -->
        <test-method signature="runScenario(io.cucumber.testng.PickleWrapper, io.cucumber.testng.FeatureWrapper)[pri:0, instance:runner.CucumberRunner@65f095f8]" started-at="2021-07-12T20:04:45 IST" name="runScenario" description="Runs Cucumber Scenarios" data-provider="scenarios" finished-at="2021-07-12T20:04:45 IST" duration-ms="102" status="PASS">
          <params>
            <param index="0">
              <value>
                <![CDATA["Sorting the price in home pages"]]>
              </value>
            </param>
            <param index="1">
              <value>
                <![CDATA["Validating the navigation in http://automationpractice.com/"]]>
              </value>
            </param>
          </params>
          <reporter-output>
          </reporter-output>
        </test-method> <!-- runScenario -->
        <test-method is-config="true" signature="tearDownClass()[pri:0, instance:runner.CucumberRunner@65f095f8]" started-at="2021-07-12T20:04:45 IST" name="tearDownClass" finished-at="2021-07-12T20:04:45 IST" duration-ms="3" status="PASS">
          <reporter-output>
          </reporter-output>
        </test-method> <!-- tearDownClass -->
      </class> <!-- runner.CucumberRunner -->
    </test> <!-- Default test -->
  </suite> <!-- Default suite -->
</testng-results>
